<?xml version="1.0" encoding="UTF-8"?>
<testng-results ignored="0" total="1" passed="1" failed="0" skipped="0">
  <reporter-output>
  </reporter-output>
  <suite started-at="2022-08-02T11:08:19 IST" name="Default suite" finished-at="2022-08-02T11:08:42 IST" duration-ms="23231">
    <groups>
    </groups>
    <test started-at="2022-08-02T11:08:19 IST" name="Default test" finished-at="2022-08-02T11:08:42 IST" duration-ms="23231">
      <class name="QA.Bdd_Proj2.DriverManager">
        <test-method signature="method1()[pri:0, instance:QA.Bdd_Proj2.DriverManager@59af0466]" started-at="2022-08-02T11:08:19 IST" name="method1" finished-at="2022-08-02T11:08:42 IST" duration-ms="23154" status="PASS">
          <reporter-output>
          </reporter-output>
        </test-method> <!-- method1 -->
      </class> <!-- QA.Bdd_Proj2.DriverManager -->
    </test> <!-- Default test -->
  </suite> <!-- Default suite -->
</testng-results>
